1000111461877569988 10711.1973435 0.223371466684 7.87766862256 0.0453526939643 15311.0311267 33.4091248444 7.26842233662 0.031865842381 14.219222039 29.3
101003864275645753 19264.5370726 962.205946958 8.27806139441 0.0230673114671 12199.5707358 688.931914544 8.90848696782 0.0758177804149 -3.6144597983 6.7
1017225940567652401 16786.6804905 105.316303945 7.94856764991 0.0434203553813 12149.2097162 131.601276834 8.41278893974 0.03017090439 -27.4700845945 25.3
102023913122218100 81267.2056081 1974.13479391 6.90088078706 0.110293534294 6558.67083589 25.1354366831 9.09846034441 0.0653644163867 -103.947289901 28.1
1028504713731123375 17840.0070469 3.1813001661 7.84561246545 0.0762613915541 11311.0611306 59.4699414499 8.48870456567 0.085019617342 -27.5384422358 13.6
1028929101372389584 23702.2956596 133.310473938 8.05268677943 0.14589010881 10027.0593448 197.15555173 9.06344897959 0.0955845304994 80.0721760434 8.3
102981610347818832 6026.87190918 32.8252312303 7.53995444347 0.240487607921 99999.7931768 1803.78884409 5.89286452365 0.144248676486 -17.2203590922 11.7
1038386966714364353 8245.34375641 103.857712715 7.62210734282 0.0387148493965 26000.1854605 1537.12117705 6.21138916217 0.175244734447 -135.021694714 6.3
1042502300356823016 29643.4754511 324.067836264 7.53053975684 0.0503602670518 8844.19268642 44.732112436 8.8880555805 0.0663565327853 30.6150020345 14.5
1045952311809530930 6000.09630404 10.5692318885 8.12887245816 0.0373921279927 92344.0496826 117.38834885 5.80211597748 0.0647024177423 9.90866763781 38.2
105585731990667037 7249.14730459 92.2244223973 6.74277228482 0.145173939392 28000.0619251 1036.33201846 4.92157292172 0.343255132101 27.795081398 8.8
1063715421909185682 11568.900192 141.078758355 8.03674373984 0.0257002177752 15263.0608585 71.1330781681 7.60507769764 0.0588580232893 10.3247457834 18.6
1069783169012945818 6296.63221112 45.1081099161 8.74926559641 0.243359810242 99999.6759739 2701.66537278 7.2493301825 0.271930836076 -276.668450657 7.5
1075228776204292474 26332.1717146 28.4754068236 8.27700207032 0.173149240467 10055.3181 206.580884226 9.46366872559 0.0181357438095 -103.922421655 6.9
1079452173552136068 26158.3666675 625.808494012 8.00000966255 0.179988946131 9703.84046052 20.250961757 9.14818659591 0.151921601761 -8.13363360557 6.0
1084604912747091678 10889.9636429 50.2405100138 7.92063807016 0.0174506998621 15149.4791267 9.53538742406 7.32275934428 0.023929122308 -29.7944296582 38.9
1087208583094554737 35270.4469689 562.968491177 7.05914029557 0.0487970836444 7594.32953175 4.77337638262 8.60845609753 0.0608560384207 -57.1504555958 17.5
1089540702821727650 30834.4615177 89.3471414009 7.9578503385 0.0393284976175 8928.96266104 5.25720883001 9.42404765757 0.0017996175987 -72.7123275896 34.9
1091791344802433339 6000.0 129.127529258 9.5 0.0223677578004 90000.0 165.60520517 5.25 0.0594514913388 10.5 10.2
109188676742259234 11457.3999826 7.76106218933 8.72995092637 0.101302346184 11457.4822433 171.948209351 8.73012664263 0.0890145412441 -11.0888815781 13.0
10969830603154064 19299.5922907 719.637709261 7.45886677165 0.197795217859 10179.3043009 212.761721298 8.35082835418 0.202752293531 -31.382734555 5.6
1110342005498953815 10723.4168898 248.421829361 8.1046696637 0.183100207386 16055.8647681 852.078178569 7.4042634241 0.145389552973 -160.069334686 5.9
